
> video-editor@1.0.0 dev
> next dev

  ▲ Next.js 13.5.6
  - Local:        http://localhost:3000
  - Environments: .env.local, .env

 ✓ Ready in 2.2s
 ✓ Compiled /_error in 1700ms (301 modules)
 ⚠ Fast Refresh had to perform a full reload. Read more: https://nextjs.org/docs/messages/fast-refresh-reload
 ✓ Compiled / in 430ms (312 modules)
(node:3187138) [DEP0040] DeprecationWarning: The `punycode` module is deprecated. Please use a userland alternative instead.
(Use `node --trace-deprecation ...` to show where the warning was created)
 ⚠ Fast Refresh had to perform a full reload. Read more: https://nextjs.org/docs/messages/fast-refresh-reload

> video-editor@1.0.0 dev
> next dev

  ▲ Next.js 13.5.6
  - Local:        http://localhost:3000
  - Environments: .env.local, .env

 ✓ Ready in 2.2s
 ✓ Compiled / in 1532ms (306 modules)
(node:3187289) [DEP0040] DeprecationWarning: The `punycode` module is deprecated. Please use a userland alternative instead.
(Use `node --trace-deprecation ...` to show where the warning was created)
 ✓ Compiled /[id] in 2.6s (864 modules)
 ✓ Compiled /login in 741ms (921 modules)
 ✓ Compiled /database in 1138ms (391 modules)
 ✓ Compiled /images in 3s (318 modules)
 ✓ Compiled /media in 230ms (318 modules)
 ✓ Compiled /[id] in 284ms (876 modules)
 ✓ Compiled /api/videos in 248ms (174 modules)
 ✓ Compiled /login in 175ms (916 modules)
 ✓ Compiled / in 2.6s (923 modules)
 ○ Compiling /_error ...
 ✓ Compiled /_error in 3.5s (870 modules)
 ✓ Compiled /login in 356ms (921 modules)
 ✓ Compiled /api/login in 452ms (177 modules)
 ✓ Compiled in 3s (868 modules)
 ✓ Compiled in 899ms (868 modules)
 ✓ Compiled in 172ms (707 modules)
 ✓ Compiled in 140ms (707 modules)
 ✓ Compiled in 211ms (707 modules)
 ✓ Compiled in 144ms (707 modules)
 ✓ Compiled in 158ms (707 modules)
 ✓ Compiled in 157ms (707 modules)
 ✓ Compiled in 186ms (707 modules)
 ✓ Compiled in 157ms (707 modules)
 ✓ Compiled in 174ms (707 modules)
 ✓ Compiled in 164ms (707 modules)
